<?xml version="1.0" encoding="UTF-8"?>
<coverage generated="1570406171536" clover="3.2.0">
  <project timestamp="1570406171536" name="All files">
    <metrics statements="23" coveredstatements="23" conditionals="3" coveredconditionals="3" methods="11" coveredmethods="11" elements="37" coveredelements="37" complexity="0" loc="23" ncloc="23" packages="2" files="5" classes="5"/>
    <package name="app">
      <metrics statements="8" coveredstatements="8" conditionals="0" coveredconditionals="0" methods="5" coveredmethods="5"/>
      <file name="app.js" path="/Users/lucasbarga/git/native-jest-enzyme/app/app.js">
        <metrics statements="8" coveredstatements="8" conditionals="0" coveredconditionals="0" methods="5" coveredmethods="5"/>
        <line num="5" count="1" type="stmt"/>
        <line num="25" count="8" type="stmt"/>
        <line num="32" count="1" type="stmt"/>
        <line num="33" count="3" type="stmt"/>
        <line num="37" count="8" type="stmt"/>
        <line num="38" count="8" type="stmt"/>
        <line num="44" count="2" type="stmt"/>
        <line num="49" count="1" type="stmt"/>
      </file>
    </package>
    <package name="app.services">
      <metrics statements="15" coveredstatements="15" conditionals="3" coveredconditionals="3" methods="6" coveredmethods="6"/>
      <file name="adminApi.js" path="/Users/lucasbarga/git/native-jest-enzyme/app/services/adminApi.js">
        <metrics statements="7" coveredstatements="7" conditionals="3" coveredconditionals="3" methods="1" coveredmethods="1"/>
        <line num="5" count="1" type="cond" truecount="1" falsecount="0"/>
        <line num="6" count="3" type="cond" truecount="2" falsecount="0"/>
        <line num="7" count="1" type="stmt"/>
        <line num="9" count="2" type="stmt"/>
        <line num="10" count="2" type="stmt"/>
        <line num="14" count="1" type="stmt"/>
        <line num="16" count="1" type="stmt"/>
      </file>
      <file name="appData.js" path="/Users/lucasbarga/git/native-jest-enzyme/app/services/appData.js">
        <metrics statements="3" coveredstatements="3" conditionals="0" coveredconditionals="0" methods="1" coveredmethods="1"/>
        <line num="1" count="2" type="stmt"/>
        <line num="8" count="2" type="stmt"/>
        <line num="9" count="1" type="stmt"/>
      </file>
      <file name="user.js" path="/Users/lucasbarga/git/native-jest-enzyme/app/services/user.js">
        <metrics statements="1" coveredstatements="1" conditionals="0" coveredconditionals="0" methods="2" coveredmethods="2"/>
        <line num="5" count="1" type="stmt"/>
      </file>
      <file name="util.js" path="/Users/lucasbarga/git/native-jest-enzyme/app/services/util.js">
        <metrics statements="4" coveredstatements="4" conditionals="0" coveredconditionals="0" methods="2" coveredmethods="2"/>
        <line num="2" count="2" type="stmt"/>
        <line num="3" count="3" type="stmt"/>
        <line num="6" count="2" type="stmt"/>
        <line num="7" count="1" type="stmt"/>
      </file>
    </package>
  </project>
</coverage>
