{"/Users/lucasbarga/git/native-jest-enzyme/App.js": {"path":"/Users/lucasbarga/git/native-jest-enzyme/App.js","statementMap":{"0":{"start":{"line":5,"column":13},"end":{"line":22,"column":1}},"1":{"start":{"line":25,"column":2},"end":{"line":29,"column":4}},"2":{"start":{"line":32,"column":30},"end":{"line":41,"column":1}},"3":{"start":{"line":33,"column":2},"end":{"line":40,"column":4}},"4":{"start":{"line":37,"column":30},"end":{"line":37,"column":57}},"5":{"start":{"line":38,"column":28},"end":{"line":38,"column":35}},"6":{"start":{"line":44,"column":2},"end":{"line":46,"column":4}},"7":{"start":{"line":49,"column":15},"end":{"line":63,"column":2}}},"fnMap":{"0":{"name":"Item","decl":{"start":{"line":24,"column":9},"end":{"line":24,"column":13}},"loc":{"start":{"line":24,"column":23},"end":{"line":30,"column":1}},"line":24},"1":{"name":"(anonymous_1)","decl":{"start":{"line":32,"column":30},"end":{"line":32,"column":31}},"loc":{"start":{"line":32,"column":38},"end":{"line":41,"column":1}},"line":32},"2":{"name":"(anonymous_2)","decl":{"start":{"line":37,"column":18},"end":{"line":37,"column":19}},"loc":{"start":{"line":37,"column":30},"end":{"line":37,"column":57}},"line":37},"3":{"name":"(anonymous_3)","decl":{"start":{"line":38,"column":20},"end":{"line":38,"column":21}},"loc":{"start":{"line":38,"column":28},"end":{"line":38,"column":35}},"line":38},"4":{"name":"App","decl":{"start":{"line":43,"column":24},"end":{"line":43,"column":27}},"loc":{"start":{"line":43,"column":30},"end":{"line":47,"column":1}},"line":43}},"branchMap":{},"s":{"0":1,"1":8,"2":1,"3":3,"4":8,"5":8,"6":2,"7":1},"f":{"0":8,"1":3,"2":8,"3":8,"4":2},"b":{},"_coverageSchema":"43e27e138ebf9cfc5966b082cf9a028302ed4184","hash":"a2d6a8a11cf8ab6cdb77418104fd6acd64c7fb21"}
,"/Users/lucasbarga/git/native-jest-enzyme/Util.js": {"path":"/Users/lucasbarga/git/native-jest-enzyme/Util.js","statementMap":{"0":{"start":{"line":2,"column":21},"end":{"line":4,"column":1}},"1":{"start":{"line":3,"column":2},"end":{"line":3,"column":23}},"2":{"start":{"line":6,"column":21},"end":{"line":8,"column":1}},"3":{"start":{"line":7,"column":2},"end":{"line":7,"column":23}}},"fnMap":{"0":{"name":"(anonymous_0)","decl":{"start":{"line":2,"column":21},"end":{"line":2,"column":22}},"loc":{"start":{"line":2,"column":31},"end":{"line":4,"column":1}},"line":2},"1":{"name":"(anonymous_1)","decl":{"start":{"line":6,"column":21},"end":{"line":6,"column":22}},"loc":{"start":{"line":6,"column":31},"end":{"line":8,"column":1}},"line":6}},"branchMap":{},"s":{"0":2,"1":3,"2":2,"3":1},"f":{"0":3,"1":1},"b":{},"_coverageSchema":"43e27e138ebf9cfc5966b082cf9a028302ed4184","hash":"b0b5372699a8d4efd070895609b19bfe08e959c5"}
,"/Users/lucasbarga/git/native-jest-enzyme/services/centralAPI.js": {"path":"/Users/lucasbarga/git/native-jest-enzyme/services/centralAPI.js","statementMap":{"0":{"start":{"line":5,"column":38},"end":{"line":18,"column":1}},"1":{"start":{"line":6,"column":2},"end":{"line":8,"column":3}},"2":{"start":{"line":7,"column":4},"end":{"line":7,"column":45}},"3":{"start":{"line":9,"column":2},"end":{"line":17,"column":3}},"4":{"start":{"line":10,"column":19},"end":{"line":13,"column":5}},"5":{"start":{"line":14,"column":4},"end":{"line":14,"column":37}},"6":{"start":{"line":16,"column":4},"end":{"line":16,"column":17}}},"fnMap":{"0":{"name":"(anonymous_0)","decl":{"start":{"line":5,"column":38},"end":{"line":5,"column":39}},"loc":{"start":{"line":5,"column":65},"end":{"line":18,"column":1}},"line":5}},"branchMap":{"0":{"loc":{"start":{"line":5,"column":45},"end":{"line":5,"column":60}},"type":"default-arg","locations":[{"start":{"line":5,"column":51},"end":{"line":5,"column":60}}],"line":5},"1":{"loc":{"start":{"line":6,"column":2},"end":{"line":8,"column":3}},"type":"if","locations":[{"start":{"line":6,"column":2},"end":{"line":8,"column":3}},{"start":{"line":6,"column":2},"end":{"line":8,"column":3}}],"line":6}},"s":{"0":1,"1":3,"2":1,"3":2,"4":2,"5":1,"6":1},"f":{"0":3},"b":{"0":[2],"1":[1,2]},"_coverageSchema":"43e27e138ebf9cfc5966b082cf9a028302ed4184","hash":"2bf959b36e1da740d1069571577a1790d4e69e5f"}
,"/Users/lucasbarga/git/native-jest-enzyme/services/storedAppData.js": {"path":"/Users/lucasbarga/git/native-jest-enzyme/services/storedAppData.js","statementMap":{"0":{"start":{"line":1,"column":29},"end":{"line":6,"column":1}},"1":{"start":{"line":8,"column":24},"end":{"line":10,"column":1}},"2":{"start":{"line":9,"column":2},"end":{"line":9,"column":32}}},"fnMap":{"0":{"name":"(anonymous_0)","decl":{"start":{"line":8,"column":24},"end":{"line":8,"column":25}},"loc":{"start":{"line":8,"column":30},"end":{"line":10,"column":1}},"line":8}},"branchMap":{},"s":{"0":2,"1":2,"2":1},"f":{"0":1},"b":{},"_coverageSchema":"43e27e138ebf9cfc5966b082cf9a028302ed4184","hash":"c824fa856c93a61e2ed64d482acf186ecd2f76ce"}
,"/Users/lucasbarga/git/native-jest-enzyme/services/user.js": {"path":"/Users/lucasbarga/git/native-jest-enzyme/services/user.js","statementMap":{"0":{"start":{"line":5,"column":2},"end":{"line":5,"column":61}},"1":{"start":{"line":5,"column":50},"end":{"line":5,"column":59}}},"fnMap":{"0":{"name":"getUserName","decl":{"start":{"line":4,"column":16},"end":{"line":4,"column":27}},"loc":{"start":{"line":4,"column":36},"end":{"line":6,"column":1}},"line":4},"1":{"name":"(anonymous_1)","decl":{"start":{"line":5,"column":42},"end":{"line":5,"column":43}},"loc":{"start":{"line":5,"column":50},"end":{"line":5,"column":59}},"line":5}},"branchMap":{},"s":{"0":1,"1":1},"f":{"0":1,"1":1},"b":{},"_coverageSchema":"43e27e138ebf9cfc5966b082cf9a028302ed4184","hash":"2ff7e8ed46e084833df49001bb7e6ce8d41a49b9"}
}
