{"/Users/lucasbarga/git/nativeJestEnzyme/App.js": {"path":"/Users/lucasbarga/git/nativeJestEnzyme/App.js","statementMap":{"0":{"start":{"line":5,"column":13},"end":{"line":22,"column":1}},"1":{"start":{"line":25,"column":2},"end":{"line":29,"column":4}},"2":{"start":{"line":32,"column":30},"end":{"line":41,"column":1}},"3":{"start":{"line":33,"column":2},"end":{"line":40,"column":4}},"4":{"start":{"line":37,"column":30},"end":{"line":37,"column":57}},"5":{"start":{"line":38,"column":28},"end":{"line":38,"column":35}},"6":{"start":{"line":44,"column":2},"end":{"line":46,"column":4}},"7":{"start":{"line":49,"column":15},"end":{"line":63,"column":2}}},"fnMap":{"0":{"name":"Item","decl":{"start":{"line":24,"column":9},"end":{"line":24,"column":13}},"loc":{"start":{"line":24,"column":23},"end":{"line":30,"column":1}},"line":24},"1":{"name":"(anonymous_1)","decl":{"start":{"line":32,"column":30},"end":{"line":32,"column":31}},"loc":{"start":{"line":32,"column":38},"end":{"line":41,"column":1}},"line":32},"2":{"name":"(anonymous_2)","decl":{"start":{"line":37,"column":18},"end":{"line":37,"column":19}},"loc":{"start":{"line":37,"column":30},"end":{"line":37,"column":57}},"line":37},"3":{"name":"(anonymous_3)","decl":{"start":{"line":38,"column":20},"end":{"line":38,"column":21}},"loc":{"start":{"line":38,"column":28},"end":{"line":38,"column":35}},"line":38},"4":{"name":"App","decl":{"start":{"line":43,"column":24},"end":{"line":43,"column":27}},"loc":{"start":{"line":43,"column":30},"end":{"line":47,"column":1}},"line":43}},"branchMap":{},"s":{"0":1,"1":8,"2":1,"3":3,"4":8,"5":8,"6":2,"7":1},"f":{"0":8,"1":3,"2":8,"3":8,"4":2},"b":{},"_coverageSchema":"43e27e138ebf9cfc5966b082cf9a028302ed4184","hash":"df2cafba466bb46d0e2986afc175da89253aceeb"}
,"/Users/lucasbarga/git/nativeJestEnzyme/Util.js": {"path":"/Users/lucasbarga/git/nativeJestEnzyme/Util.js","statementMap":{"0":{"start":{"line":2,"column":21},"end":{"line":4,"column":1}},"1":{"start":{"line":3,"column":2},"end":{"line":3,"column":23}},"2":{"start":{"line":6,"column":21},"end":{"line":8,"column":1}},"3":{"start":{"line":7,"column":2},"end":{"line":7,"column":23}}},"fnMap":{"0":{"name":"(anonymous_0)","decl":{"start":{"line":2,"column":21},"end":{"line":2,"column":22}},"loc":{"start":{"line":2,"column":31},"end":{"line":4,"column":1}},"line":2},"1":{"name":"(anonymous_1)","decl":{"start":{"line":6,"column":21},"end":{"line":6,"column":22}},"loc":{"start":{"line":6,"column":31},"end":{"line":8,"column":1}},"line":6}},"branchMap":{},"s":{"0":2,"1":3,"2":2,"3":1},"f":{"0":3,"1":1},"b":{},"_coverageSchema":"43e27e138ebf9cfc5966b082cf9a028302ed4184","hash":"89a58695be838acfe6c5a6aa3f0856ed4da1a965"}
}
