TN:
SF:/Users/lucasbarga/git/nativeJestEnzyme/App.js
FN:24,Item
FN:32,(anonymous_1)
FN:37,(anonymous_2)
FN:38,(anonymous_3)
FN:43,App
FNF:5
FNH:5
FNDA:8,Item
FNDA:3,(anonymous_1)
FNDA:8,(anonymous_2)
FNDA:8,(anonymous_3)
FNDA:2,App
DA:5,1
DA:25,8
DA:32,1
DA:33,3
DA:37,8
DA:38,8
DA:44,2
DA:49,1
LF:8
LH:8
BRF:0
BRH:0
end_of_record
TN:
SF:/Users/lucasbarga/git/nativeJestEnzyme/Util.js
FN:2,(anonymous_0)
FN:6,(anonymous_1)
FNF:2
FNH:2
FNDA:3,(anonymous_0)
FNDA:1,(anonymous_1)
DA:2,2
DA:3,3
DA:6,2
DA:7,1
LF:4
LH:4
BRF:0
BRH:0
end_of_record
